<?xml version="1.0" encoding="UTF-8"?>
<testng-results ignored="0" total="1" passed="1" failed="0" skipped="0">
  <reporter-output>
    <line>
      <![CDATA[Launching url: http://demo.guru99.com/test/newtours/index.php]]>
    </line>
    <line>
      <![CDATA[Element locator :By.xpath: //font[contains(text(),'Thank you for registering.')]]]>
    </line>
    <line>
      <![CDATA[<b style="color:#0000FF";>info:=</b><b>AssertEquals:=</b>Verify registrations is successful, <b style="color:#800000";>Expected:=</b>true<b style="color:#FF00FF";> Actual:=</b>true<p><hr></hr>]]>
    </line>
    <line>
      <![CDATA[<b>AssertEquals:=</b>Verify registrations is successful, <b style="color:#800000";>Expected:=</b>true<b style="color:#FF00FF";> Actual:=</b>true]]>
    </line>
    <line>
      <![CDATA[<b style="color:#008000">Pass: AssertEquals:=Verify registrations is successful Expected:=true Actual:=true</b><hr>]]>
    </line>
  </reporter-output>
  <suite started-at="2020-08-27T14:54:52 IST" name="RegressionTestSuite" finished-at="2020-08-27T14:55:45 IST" duration-ms="52206">
    <groups>
    </groups>
    <test started-at="2020-08-27T14:54:52 IST" name="AutomationTesting" finished-at="2020-08-27T14:55:45 IST" duration-ms="52206">
      <class name="entrada.cloud.portal.tests.MercuryRegisterPageTest">
        <test-method is-config="true" signature="Initialize()[pri:0, instance:entrada.cloud.portal.tests.MercuryRegisterPageTest@79efed2d]" started-at="2020-08-27T14:54:53 IST" name="Initialize" finished-at="2020-08-27T14:55:09 IST" duration-ms="16826" status="PASS">
          <reporter-output>
            <line>
              <![CDATA[Launching url: http://demo.guru99.com/test/newtours/index.php]]>
            </line>
          </reporter-output>
        </test-method> <!-- Initialize -->
        <test-method signature="testRegisterSuccess()[pri:0, instance:entrada.cloud.portal.tests.MercuryRegisterPageTest@79efed2d]" started-at="2020-08-27T14:55:09 IST" name="testRegisterSuccess" finished-at="2020-08-27T14:55:44 IST" duration-ms="34558" status="PASS">
          <reporter-output>
            <line>
              <![CDATA[Element locator :By.xpath: //font[contains(text(),'Thank you for registering.')]]]>
            </line>
            <line>
              <![CDATA[<b style="color:#0000FF";>info:=</b><b>AssertEquals:=</b>Verify registrations is successful, <b style="color:#800000";>Expected:=</b>true<b style="color:#FF00FF";> Actual:=</b>true<p><hr></hr>]]>
            </line>
            <line>
              <![CDATA[<b>AssertEquals:=</b>Verify registrations is successful, <b style="color:#800000";>Expected:=</b>true<b style="color:#FF00FF";> Actual:=</b>true]]>
            </line>
            <line>
              <![CDATA[<b style="color:#008000">Pass: AssertEquals:=Verify registrations is successful Expected:=true Actual:=true</b><hr>]]>
            </line>
          </reporter-output>
        </test-method> <!-- testRegisterSuccess -->
        <test-method is-config="true" signature="finish()[pri:0, instance:entrada.cloud.portal.tests.MercuryRegisterPageTest@79efed2d]" started-at="2020-08-27T14:55:44 IST" name="finish" finished-at="2020-08-27T14:55:45 IST" duration-ms="765" status="PASS">
          <reporter-output>
          </reporter-output>
        </test-method> <!-- finish -->
      </class> <!-- entrada.cloud.portal.tests.MercuryRegisterPageTest -->
    </test> <!-- AutomationTesting -->
  </suite> <!-- RegressionTestSuite -->
</testng-results>
